<?xml version="1.0" encoding="UTF-8"?>
<!-- Generated by org.testng.reporters.JUnitReportReporter -->
<testsuite hostname="DESKTOP-GM181MI" name="com.w2a.API_Batch4_Rest_AFramework.rough.Rough" tests="2" failures="0" timestamp="26 May 2019 06:05:06 GMT" time="0.007" errors="0">
  <testcase name="testCase1" time="0.006" classname="com.w2a.API_Batch4_Rest_AFramework.rough.Rough"/>
  <testcase name="testCase2" time="0.001" classname="com.w2a.API_Batch4_Rest_AFramework.rough.Rough"/>
</testsuite> <!-- com.w2a.API_Batch4_Rest_AFramework.rough.Rough -->
